{
  "RSpec": {
    "coverage": {
      "/Users/user/Documents/MA/week_9/instagram/config/environment.rb": [
        null,
        1,
        null,
        null,
        1
      ],
      "/Users/user/Documents/MA/week_9/instagram/config/application.rb": [
        1,
        null,
        null,
        1,
        1,
        1,
        1,
        1,
        1,
        null,
        null,
        null,
        null,
        1,
        null,
        1,
        1,
        null,
        null,
        null,
        null,
        null,
        null,
        null,
        null,
        null,
        null,
        null,
        null,
        null
      ],
      "/Users/user/Documents/MA/week_9/instagram/config/boot.rb": [
        null,
        1,
        null,
        1
      ],
      "/Users/user/Documents/MA/week_9/instagram/config/environments/test.rb": [
        1,
        null,
        null,
        null,
        null,
        null,
        null,
        1,
        null,
        null,
        null,
        null,
        1,
        null,
        null,
        1,
        1,
        null,
        null,
        1,
        1,
        null,
        null,
        1,
        null,
        null,
        1,
        null,
        null,
        null,
        null,
        1,
        null,
        null,
        1,
        null,
        null,
        null,
        null
      ],
      "/Users/user/Documents/MA/week_9/instagram/config/initializers/assets.rb": [
        null,
        null,
        null,
        1,
        null,
        null,
        null,
        null
      ],
      "/Users/user/Documents/MA/week_9/instagram/config/initializers/backtrace_silencers.rb": [
        null,
        null,
        null,
        null,
        null,
        null,
        null
      ],
      "/Users/user/Documents/MA/week_9/instagram/config/initializers/cookies_serializer.rb": [
        null,
        null,
        1
      ],
      "/Users/user/Documents/MA/week_9/instagram/config/initializers/devise.rb": [
        null,
        null,
        1,
        null,
        null,
        null,
        null,
        null,
        null,
        null,
        null,
        null,
        1,
        null,
        null,
        null,
        null,
        null,
        null,
        null,
        null,
        1,
        null,
        null,
        null,
        null,
        null,
        null,
        null,
        null,
        null,
        null,
        null,
        null,
        null,
        null,
        null,
        null,
        null,
        null,
        null,
        null,
        null,
        1,
        null,
        null,
        null,
        null,
        1,
        null,
        null,
        null,
        null,
        null,
        null,
        null,
        null,
        null,
        null,
        null,
        null,
        null,
        null,
        null,
        null,
        null,
        null,
        null,
        null,
        null,
        null,
        null,
        null,
        null,
        null,
        null,
        null,
        null,
        null,
        1,
        null,
        null,
        null,
        null,
        null,
        null,
        null,
        null,
        null,
        null,
        null,
        null,
        null,
        null,
        null,
        null,
        1,
        null,
        null,
        null,
        null,
        null,
        null,
        null,
        null,
        null,
        null,
        null,
        null,
        null,
        null,
        null,
        null,
        null,
        null,
        null,
        null,
        null,
        null,
        null,
        null,
        1,
        null,
        null,
        null,
        null,
        null,
        null,
        null,
        null,
        null,
        null,
        null,
        null,
        null,
        null,
        null,
        null,
        null,
        1,
        null,
        null,
        null,
        null,
        null,
        null,
        null,
        null,
        null,
        null,
        null,
        null,
        null,
        null,
        null,
        null,
        null,
        null,
        null,
        null,
        null,
        null,
        null,
        null,
        null,
        null,
        null,
        null,
        null,
        null,
        null,
        null,
        null,
        null,
        null,
        null,
        null,
        null,
        null,
        null,
        null,
        null,
        null,
        null,
        null,
        null,
        null,
        null,
        1,
        null,
        null,
        null,
        null,
        null,
        null,
        null,
        null,
        null,
        null,
        null,
        null,
        null,
        null,
        null,
        null,
        null,
        null,
        null,
        null,
        null,
        null,
        null,
        null,
        null,
        null,
        null,
        null,
        null,
        null,
        null,
        null,
        null,
        null,
        null,
        null,
        null,
        1,
        null,
        null,
        null,
        null,
        null,
        null,
        null,
        null,
        null,
        null,
        null,
        null,
        null,
        null,
        null,
        null,
        null,
        null,
        null,
        null,
        null,
        null,
        null,
        null,
        null,
        null,
        null,
        null,
        null
      ],
      "/Users/user/Documents/MA/week_9/instagram/config/initializers/filter_parameter_logging.rb": [
        null,
        null,
        null,
        1
      ],
      "/Users/user/Documents/MA/week_9/instagram/config/initializers/inflections.rb": [
        null,
        null,
        null,
        null,
        null,
        null,
        null,
        null,
        null,
        null,
        null,
        null,
        null,
        null,
        null,
        null
      ],
      "/Users/user/Documents/MA/week_9/instagram/config/initializers/mime_types.rb": [
        null,
        null,
        null,
        null
      ],
      "/Users/user/Documents/MA/week_9/instagram/config/initializers/session_store.rb": [
        null,
        null,
        1
      ],
      "/Users/user/Documents/MA/week_9/instagram/config/initializers/stripe.rb": [
        1,
        null,
        null,
        null,
        null,
        1
      ],
      "/Users/user/Documents/MA/week_9/instagram/config/initializers/wrap_parameters.rb": [
        null,
        null,
        null,
        null,
        null,
        null,
        1,
        1,
        null,
        null,
        null,
        null,
        null,
        null
      ],
      "/Users/user/Documents/MA/week_9/instagram/config/routes.rb": [
        1,
        null,
        1,
        null,
        null,
        1,
        1,
        1,
        null,
        null,
        1,
        null,
        null,
        null,
        1,
        null,
        null,
        null,
        null,
        null,
        null,
        null,
        null,
        null,
        null,
        null,
        null,
        null,
        null,
        null,
        null,
        null,
        null,
        null,
        null,
        null,
        null,
        null,
        null,
        null,
        null,
        null,
        null,
        null,
        null,
        null,
        null,
        null,
        null,
        null,
        null,
        null,
        null,
        null,
        null,
        null,
        null,
        null,
        null,
        null,
        null,
        null,
        null,
        null,
        null
      ],
      "/Users/user/Documents/MA/week_9/instagram/app/models/user.rb": [
        1,
        null,
        null,
        1,
        null,
        1,
        null,
        null
      ],
      "/Users/user/Documents/MA/week_9/instagram/app/helpers/application_helper.rb": [
        1,
        null
      ],
      "/Users/user/Documents/MA/week_9/instagram/app/helpers/charges_helper.rb": [
        1,
        null
      ],
      "/Users/user/Documents/MA/week_9/instagram/app/helpers/maps_helper.rb": [
        1,
        null
      ],
      "/Users/user/Documents/MA/week_9/instagram/app/helpers/posts_helper.rb": [
        1,
        null
      ],
      "/Users/user/Documents/MA/week_9/instagram/app/helpers/tags_helper.rb": [
        1,
        null
      ],
      "/Users/user/Documents/MA/week_9/instagram/app/helpers/welcome_helper.rb": [
        1,
        null
      ],
      "/Users/user/Documents/MA/week_9/instagram/app/models/post.rb": [
        1,
        null,
        1,
        1,
        null,
        1,
        null,
        null,
        null,
        null,
        null,
        null,
        null,
        null,
        1,
        null,
        1,
        null,
        null,
        1,
        12,
        19,
        null,
        null,
        1,
        8,
        null,
        null,
        null
      ],
      "/Users/user/Documents/MA/week_9/instagram/app/models/tag.rb": [
        1,
        1,
        null,
        1,
        7,
        null,
        null,
        null
      ],
      "/Users/user/Documents/MA/week_9/instagram/app/controllers/posts_controller.rb": [
        1,
        null,
        1,
        null,
        1,
        22,
        null,
        null,
        1,
        4,
        null,
        null,
        1,
        4,
        4,
        null,
        null,
        1,
        1,
        null,
        null,
        null
      ],
      "/Users/user/Documents/MA/week_9/instagram/app/controllers/application_controller.rb": [
        1,
        null,
        null,
        1,
        null
      ],
      "/Users/user/Documents/MA/week_9/instagram/app/controllers/maps_controller.rb": [
        1,
        1,
        1,
        null,
        null
      ],
      "/Users/user/Documents/MA/week_9/instagram/app/controllers/tags_controller.rb": [
        1,
        null,
        1,
        1,
        null,
        null,
        null
      ],
      "/Users/user/Documents/MA/week_9/instagram/app/controllers/welcome_controller.rb": [
        1,
        1,
        3,
        null,
        null
      ]
    },
    "timestamp": 1409072028
  }
}
